2020-10-12 16:25:14.914  INFO 28164 --- [restartedMain] p.ProductManagementWebServiceApplication : Starting ProductManagementWebServiceApplication on DESKTOP-R3E6TE0 with PID 28164 (C:\Users\Akshat_PC\Desktop\product-management-web-service\target\classes started by Akshat_PC in C:\Users\Akshat_PC\Desktop\product-management-web-service)
2020-10-12 16:25:14.958  INFO 28164 --- [restartedMain] p.ProductManagementWebServiceApplication : No active profile set, falling back to default profiles: default
2020-10-12 16:25:15.146  INFO 28164 --- [restartedMain] .e.DevToolsPropertyDefaultsPostProcessor : Devtools property defaults active! Set 'spring.devtools.add-properties' to 'false' to disable
2020-10-12 16:25:15.148  INFO 28164 --- [restartedMain] .e.DevToolsPropertyDefaultsPostProcessor : For additional web related logging consider setting the 'logging.level.web' property to 'DEBUG'
2020-10-12 16:25:18.601  INFO 28164 --- [restartedMain] .s.d.r.c.RepositoryConfigurationDelegate : Bootstrapping Spring Data JPA repositories in DEFERRED mode.
2020-10-12 16:25:18.836  INFO 28164 --- [restartedMain] .s.d.r.c.RepositoryConfigurationDelegate : Finished Spring Data repository scanning in 154ms. Found 1 JPA repository interfaces.
2020-10-12 16:25:20.255  INFO 28164 --- [restartedMain] o.s.b.w.embedded.tomcat.TomcatWebServer  : Tomcat initialized with port(s): 8080 (http)
2020-10-12 16:25:20.267  INFO 28164 --- [restartedMain] o.apache.catalina.core.StandardService   : Starting service [Tomcat]
2020-10-12 16:25:20.268  INFO 28164 --- [restartedMain] org.apache.catalina.core.StandardEngine  : Starting Servlet engine: [Apache Tomcat/9.0.38]
2020-10-12 16:25:20.410  INFO 28164 --- [restartedMain] o.a.c.c.C.[Tomcat].[localhost].[/]       : Initializing Spring embedded WebApplicationContext
2020-10-12 16:25:20.411  INFO 28164 --- [restartedMain] w.s.c.ServletWebServerApplicationContext : Root WebApplicationContext: initialization completed in 5262 ms
2020-10-12 16:25:21.437  INFO 28164 --- [restartedMain] o.s.s.concurrent.ThreadPoolTaskExecutor  : Initializing ExecutorService 'applicationTaskExecutor'
2020-10-12 16:25:21.708  INFO 28164 --- [task-1] o.hibernate.jpa.internal.util.LogHelper  : HHH000204: Processing PersistenceUnitInfo [name: default]
2020-10-12 16:25:22.151  INFO 28164 --- [task-1] org.hibernate.Version                    : HHH000412: Hibernate ORM core version 5.4.21.Final
2020-10-12 16:25:22.617  WARN 28164 --- [restartedMain] JpaBaseConfiguration$JpaWebConfiguration : spring.jpa.open-in-view is enabled by default. Therefore, database queries may be performed during view rendering. Explicitly configure spring.jpa.open-in-view to disable this warning
2020-10-12 16:25:23.146  INFO 28164 --- [task-1] o.hibernate.annotations.common.Version   : HCANN000001: Hibernate Commons Annotations {5.1.0.Final}
2020-10-12 16:25:23.624  INFO 28164 --- [restartedMain] o.s.b.a.e.web.EndpointLinksResolver      : Exposing 14 endpoint(s) beneath base path '/actuator'
2020-10-12 16:25:24.141  INFO 28164 --- [restartedMain] pertySourcedRequestMappingHandlerMapping : Mapped URL path [/v2/api-docs] onto method [springfox.documentation.swagger2.web.Swagger2Controller#getDocumentation(String, HttpServletRequest)]
2020-10-12 16:25:24.211  INFO 28164 --- [task-1] com.zaxxer.hikari.HikariDataSource       : HikariPool-1 - Starting...
2020-10-12 16:25:24.778  INFO 28164 --- [restartedMain] o.s.b.d.a.OptionalLiveReloadServer       : LiveReload server is running on port 35729
2020-10-12 16:25:33.439  INFO 28164 --- [task-1] com.zaxxer.hikari.HikariDataSource       : HikariPool-1 - Start completed.
2020-10-12 16:25:33.550  INFO 28164 --- [task-1] org.hibernate.dialect.Dialect            : HHH000400: Using dialect: org.hibernate.dialect.MySQL8Dialect
2020-10-12 16:25:41.242  INFO 28164 --- [task-1] o.h.e.t.j.p.i.JtaPlatformInitiator       : HHH000490: Using JtaPlatform implementation: [org.hibernate.engine.transaction.jta.platform.internal.NoJtaPlatform]
2020-10-12 16:25:41.284  INFO 28164 --- [task-1] j.LocalContainerEntityManagerFactoryBean : Initialized JPA EntityManagerFactory for persistence unit 'default'
2020-10-12 16:25:41.368  INFO 28164 --- [RMI TCP Connection(3)-127.0.0.1] o.a.c.c.C.[Tomcat].[localhost].[/]       : Initializing Spring DispatcherServlet 'dispatcherServlet'
2020-10-12 16:25:41.369  INFO 28164 --- [RMI TCP Connection(3)-127.0.0.1] o.s.web.servlet.DispatcherServlet        : Initializing Servlet 'dispatcherServlet'
2020-10-12 16:25:41.587  INFO 28164 --- [RMI TCP Connection(3)-127.0.0.1] o.s.web.servlet.DispatcherServlet        : Completed initialization in 218 ms
2020-10-12 16:25:42.091  INFO 28164 --- [restartedMain] o.s.s.web.DefaultSecurityFilterChain     : Creating filter chain: any request, [org.springframework.security.web.context.request.async.WebAsyncManagerIntegrationFilter@63d4e905, org.springframework.security.web.context.SecurityContextPersistenceFilter@3ff986a1, org.springframework.security.web.header.HeaderWriterFilter@28965ca2, org.springframework.security.web.csrf.CsrfFilter@3d2aac27, org.springframework.security.web.authentication.logout.LogoutFilter@5915ac76, org.springframework.security.web.authentication.UsernamePasswordAuthenticationFilter@3b63a9d, org.springframework.security.web.authentication.ui.DefaultLoginPageGeneratingFilter@91f739, org.springframework.security.web.authentication.ui.DefaultLogoutPageGeneratingFilter@7b34964b, org.springframework.security.web.authentication.www.BasicAuthenticationFilter@238ce05b, org.springframework.security.web.savedrequest.RequestCacheAwareFilter@5ead0108, org.springframework.security.web.servletapi.SecurityContextHolderAwareRequestFilter@569014a3, org.springframework.security.web.authentication.AnonymousAuthenticationFilter@728fe8de, org.springframework.security.web.session.SessionManagementFilter@6292f7f9, org.springframework.security.web.access.ExceptionTranslationFilter@3e0a9a26, org.springframework.security.web.access.intercept.FilterSecurityInterceptor@656c4374]
2020-10-12 16:25:42.382  INFO 28164 --- [restartedMain] o.s.b.w.embedded.tomcat.TomcatWebServer  : Tomcat started on port(s): 8080 (http) with context path ''
2020-10-12 16:25:42.384  INFO 28164 --- [restartedMain] d.s.w.p.DocumentationPluginsBootstrapper : Context refreshed
2020-10-12 16:25:42.722  INFO 28164 --- [restartedMain] d.s.w.p.DocumentationPluginsBootstrapper : Found 1 custom documentation plugin(s)
2020-10-12 16:25:42.912  INFO 28164 --- [restartedMain] s.d.s.w.s.ApiListingReferenceScanner     : Scanning for api listing references
2020-10-12 16:25:43.236  INFO 28164 --- [restartedMain] .d.s.w.r.o.CachingOperationNameGenerator : Generating unique operation named: handleUsingGET_1
2020-10-12 16:25:43.243  INFO 28164 --- [restartedMain] .d.s.w.r.o.CachingOperationNameGenerator : Generating unique operation named: handleUsingGET_2
2020-10-12 16:25:43.246  INFO 28164 --- [restartedMain] .d.s.w.r.o.CachingOperationNameGenerator : Generating unique operation named: handleUsingDELETE_1
2020-10-12 16:25:43.249  INFO 28164 --- [restartedMain] .d.s.w.r.o.CachingOperationNameGenerator : Generating unique operation named: handleUsingGET_3
2020-10-12 16:25:43.253  INFO 28164 --- [restartedMain] .d.s.w.r.o.CachingOperationNameGenerator : Generating unique operation named: handleUsingGET_4
2020-10-12 16:25:43.256  INFO 28164 --- [restartedMain] .d.s.w.r.o.CachingOperationNameGenerator : Generating unique operation named: handleUsingGET_5
2020-10-12 16:25:43.258  INFO 28164 --- [restartedMain] .d.s.w.r.o.CachingOperationNameGenerator : Generating unique operation named: handleUsingGET_6
2020-10-12 16:25:43.261  INFO 28164 --- [restartedMain] .d.s.w.r.o.CachingOperationNameGenerator : Generating unique operation named: handleUsingGET_7
2020-10-12 16:25:43.263  INFO 28164 --- [restartedMain] .d.s.w.r.o.CachingOperationNameGenerator : Generating unique operation named: handleUsingGET_8
2020-10-12 16:25:43.267  INFO 28164 --- [restartedMain] .d.s.w.r.o.CachingOperationNameGenerator : Generating unique operation named: handleUsingGET_9
2020-10-12 16:25:43.270  INFO 28164 --- [restartedMain] .d.s.w.r.o.CachingOperationNameGenerator : Generating unique operation named: handleUsingGET_10
2020-10-12 16:25:43.273  INFO 28164 --- [restartedMain] .d.s.w.r.o.CachingOperationNameGenerator : Generating unique operation named: handleUsingGET_11
2020-10-12 16:25:43.279  INFO 28164 --- [restartedMain] .d.s.w.r.o.CachingOperationNameGenerator : Generating unique operation named: handleUsingGET_12
2020-10-12 16:25:43.282  INFO 28164 --- [restartedMain] .d.s.w.r.o.CachingOperationNameGenerator : Generating unique operation named: handleUsingGET_13
2020-10-12 16:25:43.284  INFO 28164 --- [restartedMain] .d.s.w.r.o.CachingOperationNameGenerator : Generating unique operation named: handleUsingGET_14
2020-10-12 16:25:43.289  INFO 28164 --- [restartedMain] .d.s.w.r.o.CachingOperationNameGenerator : Generating unique operation named: handleUsingGET_15
2020-10-12 16:25:43.294  INFO 28164 --- [restartedMain] .d.s.w.r.o.CachingOperationNameGenerator : Generating unique operation named: handleUsingGET_16
2020-10-12 16:25:43.296  INFO 28164 --- [restartedMain] .d.s.w.r.o.CachingOperationNameGenerator : Generating unique operation named: handleUsingGET_17
2020-10-12 16:25:43.300  INFO 28164 --- [restartedMain] .d.s.w.r.o.CachingOperationNameGenerator : Generating unique operation named: handleUsingGET_18
2020-10-12 16:25:43.358  INFO 28164 --- [restartedMain] DeferredRepositoryInitializationListener : Triggering deferred initialization of Spring Data repositories…
2020-10-12 16:25:44.686  INFO 28164 --- [restartedMain] DeferredRepositoryInitializationListener : Spring Data repositories initialized!
2020-10-12 16:25:44.691  INFO 28164 --- [restartedMain] p.ProductManagementWebServiceApplication : Started ProductManagementWebServiceApplication in 30.55 seconds (JVM running for 32.574)
2020-10-12 16:26:49.976  INFO 28164 --- [RMI TCP Connection(7)-127.0.0.1] inMXBeanRegistrar$SpringApplicationAdmin : Application shutdown requested.
2020-10-12 16:26:50.424  INFO 28164 --- [RMI TCP Connection(7)-127.0.0.1] j.LocalContainerEntityManagerFactoryBean : Closing JPA EntityManagerFactory for persistence unit 'default'
2020-10-12 16:26:50.427  INFO 28164 --- [RMI TCP Connection(7)-127.0.0.1] o.s.s.concurrent.ThreadPoolTaskExecutor  : Shutting down ExecutorService 'applicationTaskExecutor'
2020-10-12 16:26:50.431  INFO 28164 --- [RMI TCP Connection(7)-127.0.0.1] com.zaxxer.hikari.HikariDataSource       : HikariPool-1 - Shutdown initiated...
2020-10-12 16:26:50.450  INFO 28164 --- [RMI TCP Connection(7)-127.0.0.1] com.zaxxer.hikari.HikariDataSource       : HikariPool-1 - Shutdown completed.
